<?xml version="1.0" encoding="UTF-8"?>
<robot generator="Robot 7.0.1 (Python 3.10.6 on win32)" generated="2024-08-26T17:23:21.416682" rpa="false" schemaversion="5">
<suite id="s1" name="CreateCollaborator" source="C:\Users\makhe\Projects\leanwe-test-auto\LeanweTest\tests-suits\CreateCollaborator.robot">
<test id="s1-t1" name="CREATE A NEW OFFER" line="12">
<kw name="LOG IN AS SUPPORT" owner="helpers">
<kw name="Open Browser" owner="SeleniumLibrary">
<msg time="2024-08-26T17:23:21.987666" level="INFO">Opening browser 'chrome' to base url 'https://staging.leanwe.com'.</msg>
<arg>${Leanwe_URL}</arg>
<arg>${BROWSER}</arg>
<doc>Opens a new browser instance to the optional ``url``.</doc>
<status status="PASS" start="2024-08-26T17:23:21.987666" elapsed="2.477069"/>
</kw>
<kw name="Maximize Browser Window" owner="SeleniumLibrary">
<doc>Maximizes current browser window.</doc>
<status status="PASS" start="2024-08-26T17:23:24.466705" elapsed="0.484778"/>
</kw>
<kw name="Wait Until Element Is Visible" owner="SeleniumLibrary">
<arg>${LOGIN_PAGE_FORM_USERNAME_INPUT}</arg>
<doc>Waits until the element ``locator`` is visible.</doc>
<status status="PASS" start="2024-08-26T17:23:24.952420" elapsed="0.725391"/>
</kw>
<kw name="Wait Until Element Is Visible" owner="SeleniumLibrary">
<arg>${LOGIN_PAGE_FORM_PASSWORD_INPUT}</arg>
<doc>Waits until the element ``locator`` is visible.</doc>
<status status="PASS" start="2024-08-26T17:23:25.677811" elapsed="0.046398"/>
</kw>
<kw name="Input Text" owner="SeleniumLibrary">
<msg time="2024-08-26T17:23:25.724209" level="INFO">Typing text 'redouane@yopmail.com' into text field 'xpath=//input[@name="email"]'.</msg>
<arg>${LOGIN_PAGE_FORM_USERNAME_INPUT}</arg>
<arg>redouane@yopmail.com</arg>
<doc>Types the given ``text`` into the text field identified by ``locator``.</doc>
<status status="PASS" start="2024-08-26T17:23:25.724209" elapsed="0.342151"/>
</kw>
<kw name="Input Text" owner="SeleniumLibrary">
<msg time="2024-08-26T17:23:26.067801" level="INFO">Typing text 'secret2023' into text field 'xpath=//input[@name="password"]'.</msg>
<arg>${LOGIN_PAGE_FORM_PASSWORD_INPUT}</arg>
<arg>secret2023</arg>
<doc>Types the given ``text`` into the text field identified by ``locator``.</doc>
<status status="PASS" start="2024-08-26T17:23:26.067364" elapsed="0.224691"/>
</kw>
<kw name="Click Element" owner="SeleniumLibrary">
<msg time="2024-08-26T17:23:26.295142" level="INFO">Clicking element 'xpath://body[1]/div[1]/div[2]/div[1]/div[1]/div[1]/div[2]/div[1]/div[1]/div[1]/div[2]/div[1]/form[1]/div[2]/div[1]/button[1]'.</msg>
<arg>${LOGIN_BUTTON}</arg>
<doc>Click the element identified by ``locator``.</doc>
<status status="PASS" start="2024-08-26T17:23:26.293396" elapsed="0.190233"/>
</kw>
<status status="PASS" start="2024-08-26T17:23:21.987666" elapsed="4.495963"/>
</kw>
<kw name="SELECT COLLABORATOR FROM SIDEBAR" owner="helpers">
<kw name="SELECT ITEM FROM SIDEBAR" owner="helpers">
<kw name="Wait Until Page Contains Element" owner="SeleniumLibrary">
<arg>${DASHBOARD_TITLE_XPATH}</arg>
<arg>timeout=5s</arg>
<doc>Waits until the element ``locator`` appears on the current page.</doc>
<status status="PASS" start="2024-08-26T17:23:26.487489" elapsed="2.910677"/>
</kw>
<kw name="Get WebElement" owner="SeleniumLibrary">
<msg time="2024-08-26T17:23:29.415837" level="INFO">${sidebar_element} = &lt;selenium.webdriver.remote.webelement.WebElement (session="6c437fb7c8fd485c8c564c80f550c671", element="f.51F5E3F354B63B8912AE506B40ECFB2B.d.F05B5B4841F20E83D0BF25C849728F2F.e.90")&gt;</msg>
<var>${sidebar_element}</var>
<arg>${sidebar_Xpath}</arg>
<doc>Returns the first WebElement matching the given ``locator``.</doc>
<status status="PASS" start="2024-08-26T17:23:29.399168" elapsed="0.017673"/>
</kw>
<kw name="Mouse Over" owner="SeleniumLibrary">
<msg time="2024-08-26T17:23:29.416841" level="INFO">Simulating Mouse Over on element '&lt;selenium.webdriver.remote.webelement.WebElement (session="6c437fb7c8fd485c8c564c80f550c671", element="f.51F5E3F354B63B8912AE506B40ECFB2B.d.F05B5B4841F20E83D0BF25C849728F2F.e.90")&gt;'.</msg>
<arg>${sidebar_element}</arg>
<doc>Simulates hovering the mouse over the element ``locator``.</doc>
<status status="PASS" start="2024-08-26T17:23:29.416841" elapsed="0.357936"/>
</kw>
<kw name="Wait Until Page Contains Element" owner="SeleniumLibrary">
<arg>${SIDEBAR_ITEM_TITLE}</arg>
<arg>timeout=2s</arg>
<doc>Waits until the element ``locator`` appears on the current page.</doc>
<status status="PASS" start="2024-08-26T17:23:29.774777" elapsed="0.068198"/>
</kw>
<kw name="Click Element" owner="SeleniumLibrary">
<msg time="2024-08-26T17:23:29.845257" level="INFO">Clicking element 'xpath=//div[contains(text(),'Collaborateurs')]'.</msg>
<arg>${SIDEBAR_ITEM_TITLE}</arg>
<doc>Click the element identified by ``locator``.</doc>
<status status="PASS" start="2024-08-26T17:23:29.843493" elapsed="0.113242"/>
</kw>
<return>
<value>${sidebar_element}</value>
<status status="PASS" start="2024-08-26T17:23:29.956735" elapsed="0.001000"/>
</return>
<arg>${COLLABORATOR_SIDEBAR_ITEM}</arg>
<status status="PASS" start="2024-08-26T17:23:26.486641" elapsed="3.471094"/>
</kw>
<status status="PASS" start="2024-08-26T17:23:26.485642" elapsed="3.472093"/>
</kw>
<kw name="CLICK THE ADD NEW COLLABORATOR BUTTON" owner="helpers">
<kw name="Wait Until Element Is Visible" owner="SeleniumLibrary">
<arg>${NEW_COLLABORATOR_BTN}</arg>
<doc>Waits until the element ``locator`` is visible.</doc>
<status status="PASS" start="2024-08-26T17:23:29.959400" elapsed="0.291854"/>
</kw>
<kw name="Click Element" owner="SeleniumLibrary">
<msg time="2024-08-26T17:23:30.252252" level="INFO">Clicking element 'xpath=//button/span/span[contains(text(), 'Nouveau collaborateur')]'.</msg>
<arg>${NEW_COLLABORATOR_BTN}</arg>
<doc>Click the element identified by ``locator``.</doc>
<status status="PASS" start="2024-08-26T17:23:30.251254" elapsed="0.287075"/>
</kw>
<status status="PASS" start="2024-08-26T17:23:29.958836" elapsed="0.579493"/>
</kw>
<kw name="FILL OUT THE COLLABORATOR CREATION FORM" owner="helpers">
<kw name="Wait Until Element Is Visible" owner="SeleniumLibrary">
<arg>${COLLABORATOR_FIRSTNAME}</arg>
<arg>timeout=4s</arg>
<doc>Waits until the element ``locator`` is visible.</doc>
<status status="PASS" start="2024-08-26T17:23:30.540481" elapsed="0.094630"/>
</kw>
<kw name="Get Current Date" owner="DateTime">
<msg time="2024-08-26T17:23:30.636721" level="INFO">${current_datetime} = 20240826172330</msg>
<var>${current_datetime}</var>
<arg>result_format=%Y%m%d%H%M%S</arg>
<doc>Returns current local or UTC time with an optional increment.</doc>
<status status="PASS" start="2024-08-26T17:23:30.636109" elapsed="0.000612"/>
</kw>
<kw name="Click Element" owner="SeleniumLibrary">
<msg time="2024-08-26T17:23:30.636721" level="INFO">Clicking element 'xpath=//input[@cy-data="firstName_field"]'.</msg>
<arg>${COLLABORATOR_FIRSTNAME}</arg>
<doc>Click the element identified by ``locator``.</doc>
<status status="PASS" start="2024-08-26T17:23:30.636721" elapsed="0.546345"/>
</kw>
<kw name="Input Text" owner="SeleniumLibrary">
<msg time="2024-08-26T17:23:31.184028" level="INFO">Typing text 'John' into text field 'xpath=//input[@cy-data="firstName_field"]'.</msg>
<arg>${COLLABORATOR_FIRSTNAME}</arg>
<arg>John</arg>
<doc>Types the given ``text`` into the text field identified by ``locator``.</doc>
<status status="PASS" start="2024-08-26T17:23:31.183850" elapsed="0.582533"/>
</kw>
<kw name="Input Text" owner="SeleniumLibrary">
<msg time="2024-08-26T17:23:31.767386" level="INFO">Typing text 'Doe' into text field 'xpath=//input[@cy-data="lastName_field"]'.</msg>
<arg>${COLLABORATOR_LASTNAME}</arg>
<arg>Doe</arg>
<doc>Types the given ``text`` into the text field identified by ``locator``.</doc>
<status status="PASS" start="2024-08-26T17:23:31.767386" elapsed="0.197690"/>
</kw>
<kw name="Input Text" owner="SeleniumLibrary">
<msg time="2024-08-26T17:23:31.967785" level="INFO">Typing text 'Software Engineer' into text field 'xpath=//input[@cy-data="position_field"]'.</msg>
<arg>${COLLABORATOR_POSITION}</arg>
<arg>Software Engineer</arg>
<doc>Types the given ``text`` into the text field identified by ``locator``.</doc>
<status status="PASS" start="2024-08-26T17:23:31.966080" elapsed="0.494999"/>
</kw>
<kw name="Input Text" owner="SeleniumLibrary">
<msg time="2024-08-26T17:23:32.462092" level="INFO">Typing text '634567890' into text field 'xpath=//input[@cy-data="phone_field"]'.</msg>
<arg>${COLLABORATOR_PHONE}</arg>
<arg>634567890</arg>
<doc>Types the given ``text`` into the text field identified by ``locator``.</doc>
<status status="PASS" start="2024-08-26T17:23:32.461792" elapsed="0.278234"/>
</kw>
<kw name="Input Text" owner="SeleniumLibrary">
<msg time="2024-08-26T17:23:32.740974" level="INFO">Typing text 'john.doe@example.com' into text field 'xpath=//input[@cy-data="email_field"]'.</msg>
<arg>${COLLABORATOR_EMAIL}</arg>
<arg>john.doe@example.com</arg>
<doc>Types the given ``text`` into the text field identified by ``locator``.</doc>
<status status="PASS" start="2024-08-26T17:23:32.740026" elapsed="0.664166"/>
</kw>
<kw name="Input Text" owner="SeleniumLibrary">
<msg time="2024-08-26T17:23:33.405209" level="INFO">Typing text 'Digitale Factory department' into text field 'xpath=//input[@cy-data="businessUnit_autocomplete"]'.</msg>
<arg>${COLLABORATOR_BUSINESS_UNIT}</arg>
<arg>Digitale Factory department</arg>
<doc>Types the given ``text`` into the text field identified by ``locator``.</doc>
<status status="PASS" start="2024-08-26T17:23:33.405209" elapsed="0.463858"/>
</kw>
<kw name="Input Text" owner="SeleniumLibrary">
<msg time="2024-08-26T17:23:33.870078" level="INFO">Typing text 'REDOUANE LABDOUI' into text field 'xpath=//input[@cy-data="manager_select"]'.</msg>
<msg time="2024-08-26T17:23:34.565387" level="INFO" html="true">&lt;/td&gt;&lt;/tr&gt;&lt;tr&gt;&lt;td colspan="3"&gt;&lt;a href="selenium-screenshot-17.png"&gt;&lt;img src="selenium-screenshot-17.png" width="800px"&gt;&lt;/a&gt;</msg>
<msg time="2024-08-26T17:23:34.566394" level="FAIL">InvalidElementStateException: Message: invalid element state
  (Session info: chrome=128.0.6613.84)
Stacktrace:
	GetHandleVerifier [0x00007FF760AFB632+29090]
	(No symbol) [0x00007FF760A6E6E9]
	(No symbol) [0x00007FF76092AFF9]
	(No symbol) [0x00007FF760974929]
	(No symbol) [0x00007FF7609A66EA]
	(No symbol) [0x00007FF7609726A6]
	(No symbol) [0x00007FF7609A6900]
	(No symbol) [0x00007FF7609C65D9]
	(No symbol) [0x00007FF7609A6493]
	(No symbol) [0x00007FF7609709B1]
	(No symbol) [0x00007FF760971B11]
	GetHandleVerifier [0x00007FF760E1881D+3294093]
	GetHandleVerifier [0x00007FF760E64403+3604339]
	GetHandleVerifier [0x00007FF760E5A2C7+3563063]
	GetHandleVerifier [0x00007FF760BB6F16+797318]
	(No symbol) [0x00007FF760A7986F]
	(No symbol) [0x00007FF760A75454]
	(No symbol) [0x00007FF760A755E0]
	(No symbol) [0x00007FF760A64A7F]
	BaseThreadInitThunk [0x00007FFD80E77374+20]
	RtlUserThreadStart [0x00007FFD81E9CC91+33]
</msg>
<arg>${COLLABORATOR_MANAGER}</arg>
<arg>REDOUANE LABDOUI</arg>
<doc>Types the given ``text`` into the text field identified by ``locator``.</doc>
<status status="FAIL" start="2024-08-26T17:23:33.869067" elapsed="0.701614">InvalidElementStateException: Message: invalid element state
  (Session info: chrome=128.0.6613.84)
Stacktrace:
	GetHandleVerifier [0x00007FF760AFB632+29090]
	(No symbol) [0x00007FF760A6E6E9]
	(No symbol) [0x00007FF76092AFF9]
	(No symbol) [0x00007FF760974929]
	(No symbol) [0x00007FF7609A66EA]
	(No symbol) [0x00007FF7609726A6]
	(No symbol) [0x00007FF7609A6900]
	(No symbol) [0x00007FF7609C65D9]
	(No symbol) [0x00007FF7609A6493]
	(No symbol) [0x00007FF7609709B1]
	(No symbol) [0x00007FF760971B11]
	GetHandleVerifier [0x00007FF760E1881D+3294093]
	GetHandleVerifier [0x00007FF760E64403+3604339]
	GetHandleVerifier [0x00007FF760E5A2C7+3563063]
	GetHandleVerifier [0x00007FF760BB6F16+797318]
	(No symbol) [0x00007FF760A7986F]
	(No symbol) [0x00007FF760A75454]
	(No symbol) [0x00007FF760A755E0]
	(No symbol) [0x00007FF760A64A7F]
	BaseThreadInitThunk [0x00007FFD80E77374+20]
	RtlUserThreadStart [0x00007FFD81E9CC91+33]
</status>
</kw>
<kw name="Input Text" owner="SeleniumLibrary">
<arg>${COLLABORATOR_EXPERIENCE_LEVEL}</arg>
<arg>Senior</arg>
<doc>Types the given ``text`` into the text field identified by ``locator``.</doc>
<status status="NOT RUN" start="2024-08-26T17:23:34.571638" elapsed="0.000000"/>
</kw>
<kw name="Input Text" owner="SeleniumLibrary">
<arg>${COLLABORATOR_SALARY_BRUT}</arg>
<arg>60000</arg>
<doc>Types the given ``text`` into the text field identified by ``locator``.</doc>
<status status="NOT RUN" start="2024-08-26T17:23:34.571638" elapsed="0.000000"/>
</kw>
<kw name="Input Text" owner="SeleniumLibrary">
<arg>${COLLABORATOR_SALARY_COEF}</arg>
<arg>1.2</arg>
<doc>Types the given ``text`` into the text field identified by ``locator``.</doc>
<status status="NOT RUN" start="2024-08-26T17:23:34.571638" elapsed="0.000000"/>
</kw>
<kw name="Input Text" owner="SeleniumLibrary">
<arg>${COLLABORATOR_CJM}</arg>
<arg>200</arg>
<doc>Types the given ``text`` into the text field identified by ``locator``.</doc>
<status status="NOT RUN" start="2024-08-26T17:23:34.571638" elapsed="0.001008"/>
</kw>
<kw name="Input Text" owner="SeleniumLibrary">
<arg>${COLLABORATOR_TJM}</arg>
<arg>500</arg>
<doc>Types the given ``text`` into the text field identified by ``locator``.</doc>
<status status="NOT RUN" start="2024-08-26T17:23:34.572733" elapsed="0.000000"/>
</kw>
<kw name="Input Text" owner="SeleniumLibrary">
<arg>${COLLABORATOR_CURRENCY}</arg>
<arg>EUR</arg>
<doc>Types the given ``text`` into the text field identified by ``locator``.</doc>
<status status="NOT RUN" start="2024-08-26T17:23:34.572733" elapsed="0.000000"/>
</kw>
<kw name="Input Text" owner="SeleniumLibrary">
<arg>${COLLABORATOR_RTT}</arg>
<arg>12</arg>
<doc>Types the given ``text`` into the text field identified by ``locator``.</doc>
<status status="NOT RUN" start="2024-08-26T17:23:34.572733" elapsed="0.000000"/>
</kw>
<kw name="Input Text" owner="SeleniumLibrary">
<arg>${COLLABORATOR_CP}</arg>
<arg>25</arg>
<arg>timeout=4s</arg>
<doc>Types the given ``text`` into the text field identified by ``locator``.</doc>
<status status="NOT RUN" start="2024-08-26T17:23:34.572733" elapsed="0.000000"/>
</kw>
<return>
<status status="NOT RUN" start="2024-08-26T17:23:34.572733" elapsed="0.001004"/>
</return>
<var>${offer_name}</var>
<status status="FAIL" start="2024-08-26T17:23:30.540481" elapsed="4.033256">InvalidElementStateException: Message: invalid element state
  (Session info: chrome=128.0.6613.84)
Stacktrace:
	GetHandleVerifier [0x00007FF760AFB632+29090]
	(No symbol) [0x00007FF760A6E6E9]
	(No symbol) [0x00007FF76092AFF9]
	(No symbol) [0x00007FF760974929]
	(No symbol) [0x00007FF7609A66EA]
	(No symbol) [0x00007FF7609726A6]
	(No symbol) [0x00007FF7609A6900]
	(No symbol) [0x00007FF7609C65D9]
	(No symbol) [0x00007FF7609A6493]
	(No symbol) [0x00007FF7609709B1]
	(No symbol) [0x00007FF760971B11]
	GetHandleVerifier [0x00007FF760E1881D+3294093]
	GetHandleVerifier [0x00007FF760E64403+3604339]
	GetHandleVerifier [0x00007FF760E5A2C7+3563063]
	GetHandleVerifier [0x00007FF760BB6F16+797318]
	(No symbol) [0x00007FF760A7986F]
	(No symbol) [0x00007FF760A75454]
	(No symbol) [0x00007FF760A755E0]
	(No symbol) [0x00007FF760A64A7F]
	BaseThreadInitThunk [0x00007FFD80E77374+20]
	RtlUserThreadStart [0x00007FFD81E9CC91+33]
</status>
</kw>
<kw name="Log" owner="BuiltIn">
<arg>Created collaborator name: ${offer_name}</arg>
<doc>Logs the given message with the given level.</doc>
<status status="NOT RUN" start="2024-08-26T17:23:34.574751" elapsed="0.000000"/>
</kw>
<kw name="SUBMIT THE COLLABORATOR FORM" owner="helpers">
<status status="NOT RUN" start="2024-08-26T17:23:34.574751" elapsed="0.000000"/>
</kw>
<status status="FAIL" start="2024-08-26T17:23:21.986664" elapsed="12.588087">InvalidElementStateException: Message: invalid element state
  (Session info: chrome=128.0.6613.84)
Stacktrace:
	GetHandleVerifier [0x00007FF760AFB632+29090]
	(No symbol) [0x00007FF760A6E6E9]
	(No symbol) [0x00007FF76092AFF9]
	(No symbol) [0x00007FF760974929]
	(No symbol) [0x00007FF7609A66EA]
	(No symbol) [0x00007FF7609726A6]
	(No symbol) [0x00007FF7609A6900]
	(No symbol) [0x00007FF7609C65D9]
	(No symbol) [0x00007FF7609A6493]
	(No symbol) [0x00007FF7609709B1]
	(No symbol) [0x00007FF760971B11]
	GetHandleVerifier [0x00007FF760E1881D+3294093]
	GetHandleVerifier [0x00007FF760E64403+3604339]
	GetHandleVerifier [0x00007FF760E5A2C7+3563063]
	GetHandleVerifier [0x00007FF760BB6F16+797318]
	(No symbol) [0x00007FF760A7986F]
	(No symbol) [0x00007FF760A75454]
	(No symbol) [0x00007FF760A755E0]
	(No symbol) [0x00007FF760A64A7F]
	BaseThreadInitThunk [0x00007FFD80E77374+20]
	RtlUserThreadStart [0x00007FFD81E9CC91+33]
</status>
</test>
<kw name="Close Browser" owner="SeleniumLibrary" type="TEARDOWN">
<doc>Closes the current browser.</doc>
<status status="PASS" start="2024-08-26T17:23:34.585651" elapsed="4.058078"/>
</kw>
<status status="FAIL" start="2024-08-26T17:23:21.421009" elapsed="17.223738"/>
</suite>
<statistics>
<total>
<stat pass="0" fail="1" skip="0">All Tests</stat>
</total>
<tag>
</tag>
<suite>
<stat pass="0" fail="1" skip="0" id="s1" name="CreateCollaborator">CreateCollaborator</stat>
</suite>
</statistics>
<errors>
</errors>
</robot>
