<?xml version="1.0" encoding="UTF-8"?>
<robot generator="Robot 7.1.1 (Python 3.12.0 on win32)" generated="2025-11-13T19:12:38.258520" rpa="false" schemaversion="5">
<suite id="s1" name="Commandes-Client" source="c:\Users\HP\Desktop\projects\leanwe-test-auto\LeanweTest\tests-suits\Commandes-Client.robot">
<test id="s1-t1" name="CREATE A NEW CLIENT COMMANDE" line="10">
<kw name="Create new client command" owner="commandesClientHelpers">
<kw name="LOG IN AS SUPPORT" owner="GlobalHelpers">
<kw name="Open Browser" owner="SeleniumLibrary">
<msg time="2025-11-13T19:12:40.204596" level="INFO">Opening browser 'chrome' to base url 'https://staging.leanwe.com'.</msg>
<arg>${Leanwe_URL}</arg>
<arg>${BROWSER}</arg>
<doc>Opens a new browser instance to the optional ``url``.</doc>
<status status="PASS" start="2025-11-13T19:12:40.203596" elapsed="4.569279"/>
</kw>
<kw name="Maximize Browser Window" owner="SeleniumLibrary">
<doc>Maximizes current browser window.</doc>
<status status="PASS" start="2025-11-13T19:12:44.774761" elapsed="0.154006"/>
</kw>
<kw name="Wait Until Element Is Visible" owner="SeleniumLibrary">
<arg>${LOGIN_PAGE_FORM_USERNAME_INPUT}</arg>
<doc>Waits until the element ``locator`` is visible.</doc>
<status status="PASS" start="2025-11-13T19:12:44.930516" elapsed="1.053248"/>
</kw>
<kw name="Wait Until Element Is Visible" owner="SeleniumLibrary">
<arg>${LOGIN_PAGE_FORM_PASSWORD_INPUT}</arg>
<doc>Waits until the element ``locator`` is visible.</doc>
<status status="PASS" start="2025-11-13T19:12:45.983764" elapsed="0.041045"/>
</kw>
<kw name="Input Text" owner="SeleniumLibrary">
<msg time="2025-11-13T19:12:46.025762" level="INFO">Typing text 'redouane@yopmail.com' into text field 'xpath=//input[@name="email"]'.</msg>
<arg>${LOGIN_PAGE_FORM_USERNAME_INPUT}</arg>
<arg>redouane@yopmail.com</arg>
<doc>Types the given ``text`` into the text field identified by ``locator``.</doc>
<status status="PASS" start="2025-11-13T19:12:46.024809" elapsed="0.502110"/>
</kw>
<kw name="Input Text" owner="SeleniumLibrary">
<msg time="2025-11-13T19:12:46.529929" level="INFO">Typing text 'secret2023' into text field 'xpath=//input[@name="password"]'.</msg>
<arg>${LOGIN_PAGE_FORM_PASSWORD_INPUT}</arg>
<arg>secret2023</arg>
<doc>Types the given ``text`` into the text field identified by ``locator``.</doc>
<status status="PASS" start="2025-11-13T19:12:46.528926" elapsed="0.574451"/>
</kw>
<kw name="Click Element" owner="SeleniumLibrary">
<msg time="2025-11-13T19:12:47.105377" level="INFO">Clicking element 'xpath://body[1]/div[1]/div[2]/div[1]/div[1]/div[1]/div[2]/div[1]/div[1]/div[1]/div[2]/div[1]/form[1]/div[2]/div[1]/button[1]'.</msg>
<arg>${LOGIN_BUTTON}</arg>
<doc>Click the element identified by ``locator``.</doc>
<status status="PASS" start="2025-11-13T19:12:47.104376" elapsed="0.265295"/>
</kw>
<status status="PASS" start="2025-11-13T19:12:40.202595" elapsed="7.168241"/>
</kw>
<kw name="SELECT COMMANDECLIENT ITEM FROM SIDEBAR" owner="commandesClientHelpers">
<kw name="Wait Until Page Contains Element" owner="SeleniumLibrary">
<arg>${DASHBOARD_TITLE_XPATH}</arg>
<arg>timeout=5s</arg>
<doc>Waits until the element ``locator`` appears on the current page.</doc>
<status status="PASS" start="2025-11-13T19:12:47.374678" elapsed="3.269816"/>
</kw>
<kw name="Get WebElement" owner="SeleniumLibrary">
<msg time="2025-11-13T19:12:50.669490" level="INFO">${sidebar_element} = &lt;selenium.webdriver.remote.webelement.WebElement (session="1ab39fef0415d4f22ebe62dc3e81531f", element="f.DC073545F13B3771EF3E0C117B5FC3AB.d.DEC4D3A5C24F751BB9187A9607AA0121.e.77")&gt;</msg>
<var>${sidebar_element}</var>
<arg>${sidebar_Xpath}</arg>
<doc>Returns the first WebElement matching the given ``locator``.</doc>
<status status="PASS" start="2025-11-13T19:12:50.645495" elapsed="0.024995"/>
</kw>
<kw name="Mouse Over" owner="SeleniumLibrary">
<msg time="2025-11-13T19:12:50.672491" level="INFO">Simulating Mouse Over on element '&lt;selenium.webdriver.remote.webelement.WebElement (session="1ab39fef0415d4f22ebe62dc3e81531f", element="f.DC073545F13B3771EF3E0C117B5FC3AB.d.DEC4D3A5C24F751BB9187A9607AA0121.e.77")&gt;'.</msg>
<arg>${sidebar_element}</arg>
<doc>Simulates hovering the mouse over the element ``locator``.</doc>
<status status="PASS" start="2025-11-13T19:12:50.671491" elapsed="0.491787"/>
</kw>
<kw name="Scroll Down" owner="GlobalHelpers">
<kw name="Execute Javascript" owner="SeleniumLibrary">
<msg time="2025-11-13T19:12:51.167382" level="INFO">Executing JavaScript:
window.scrollBy(0, 200)
Without any arguments.</msg>
<arg>window.scrollBy(0, 200)</arg>
<doc>Executes the given JavaScript code with possible arguments.</doc>
<status status="PASS" start="2025-11-13T19:12:51.165287" elapsed="0.030131"/>
</kw>
<status status="PASS" start="2025-11-13T19:12:51.163278" elapsed="0.033001"/>
</kw>
<kw name="Wait Until Element Is Visible" owner="SeleniumLibrary">
<arg>${GLOBAL_COMMANDE_CLIENT_ITEM}</arg>
<arg>timeout=10s</arg>
<doc>Waits until the element ``locator`` is visible.</doc>
<status status="PASS" start="2025-11-13T19:12:51.197279" elapsed="0.071582"/>
</kw>
<kw name="Scroll Element Into View" owner="SeleniumLibrary">
<arg>${GLOBAL_COMMANDE_CLIENT_ITEM}</arg>
<doc>Scrolls the element identified by ``locator`` into view.</doc>
<status status="PASS" start="2025-11-13T19:12:51.268861" elapsed="0.382207"/>
</kw>
<kw name="Click Element" owner="SeleniumLibrary">
<msg time="2025-11-13T19:12:51.656077" level="INFO">Clicking element 'xpath=(//div[contains(text(),"Achats")])[1]'.</msg>
<arg>${GLOBAL_COMMANDE_CLIENT_ITEM}</arg>
<doc>Click the element identified by ``locator``.</doc>
<status status="PASS" start="2025-11-13T19:12:51.653066" elapsed="0.444868"/>
</kw>
<kw name="Wait Until Element Is Visible" owner="SeleniumLibrary">
<arg>${COMMANDE_CLIENT_SIDEBAR_ITEM}</arg>
<arg>timeout=10s</arg>
<doc>Waits until the element ``locator`` is visible.</doc>
<status status="PASS" start="2025-11-13T19:12:52.099918" elapsed="0.401576"/>
</kw>
<kw name="Scroll Element Into View" owner="SeleniumLibrary">
<arg>${COMMANDE_CLIENT_SIDEBAR_ITEM}</arg>
<doc>Scrolls the element identified by ``locator`` into view.</doc>
<status status="PASS" start="2025-11-13T19:12:52.502477" elapsed="0.333749"/>
</kw>
<kw name="Click Element" owner="SeleniumLibrary">
<msg time="2025-11-13T19:12:52.839211" level="INFO">Clicking element 'xpath=(//div[contains(text(),"Commandes Client")])[1]'.</msg>
<arg>${COMMANDE_CLIENT_SIDEBAR_ITEM}</arg>
<doc>Click the element identified by ``locator``.</doc>
<status status="PASS" start="2025-11-13T19:12:52.838215" elapsed="0.307619"/>
</kw>
<status status="PASS" start="2025-11-13T19:12:47.371667" elapsed="5.775031"/>
</kw>
<kw name="Sleep" owner="BuiltIn">
<msg time="2025-11-13T19:12:55.151000" level="INFO">Slept 2 seconds.</msg>
<arg>2s</arg>
<doc>Pauses the test executed for the given time.</doc>
<status status="PASS" start="2025-11-13T19:12:53.148796" elapsed="2.002204"/>
</kw>
<kw name="Click Element" owner="SeleniumLibrary">
<msg time="2025-11-13T19:12:55.152999" level="INFO">Clicking element 'xpath=//span[contains(text(),'Nouvelle commande')]'.</msg>
<arg>${NEW_CLIENT-COMMANDS}</arg>
<doc>Click the element identified by ``locator``.</doc>
<status status="PASS" start="2025-11-13T19:12:55.152002" elapsed="0.363913"/>
</kw>
<kw name="Sleep" owner="BuiltIn">
<msg time="2025-11-13T19:12:57.518415" level="INFO">Slept 2 seconds.</msg>
<arg>2s</arg>
<doc>Pauses the test executed for the given time.</doc>
<status status="PASS" start="2025-11-13T19:12:55.516794" elapsed="2.002602"/>
</kw>
<kw name="Generate Random String" owner="String">
<msg time="2025-11-13T19:12:57.522798" level="INFO">${Commande_ANumber} = 676129</msg>
<var>${Commande_ANumber}</var>
<arg>6</arg>
<arg>0123456789</arg>
<doc>Generates a string with a desired ``length`` from the given ``chars``.</doc>
<status status="PASS" start="2025-11-13T19:12:57.520530" elapsed="0.003036"/>
</kw>
<kw name="Generate Random String" owner="String">
<msg time="2025-11-13T19:12:57.527597" level="INFO">${Al_String} = ETF</msg>
<var>${Al_String}</var>
<arg>3</arg>
<arg>ABCDEFGHIJKLMNOPQRSTUVWXYZ</arg>
<doc>Generates a string with a desired ``length`` from the given ``chars``.</doc>
<status status="PASS" start="2025-11-13T19:12:57.525596" elapsed="0.002999"/>
</kw>
<kw name="Input Text" owner="SeleniumLibrary">
<msg time="2025-11-13T19:12:57.534238" level="INFO">Typing text '676129' into text field 'xpath=//input[@cy-data="order-number-field"]'.</msg>
<arg>${COMMANDE_NUMBERC}</arg>
<arg>text=${Commande_ANumber}</arg>
<doc>Types the given ``text`` into the text field identified by ``locator``.</doc>
<status status="PASS" start="2025-11-13T19:12:57.531196" elapsed="0.357153"/>
</kw>
<kw name="Sleep" owner="BuiltIn">
<msg time="2025-11-13T19:12:59.890073" level="INFO">Slept 2 seconds.</msg>
<arg>2s</arg>
<doc>Pauses the test executed for the given time.</doc>
<status status="PASS" start="2025-11-13T19:12:57.888349" elapsed="2.002614"/>
</kw>
<kw name="Click Element" owner="SeleniumLibrary">
<msg time="2025-11-13T19:12:59.893965" level="INFO">Clicking element 'xpath=//Input[@cy-data="sale-type-select"]'.</msg>
<arg>${COMMANDE_TYPEC}</arg>
<doc>Click the element identified by ``locator``.</doc>
<status status="PASS" start="2025-11-13T19:12:59.891964" elapsed="0.601829"/>
</kw>
<kw name="Click Element" owner="SeleniumLibrary">
<msg time="2025-11-13T19:13:00.495788" level="INFO">Clicking element 'xpath=//div[contains(text(),'Forfaitaire')]'.</msg>
<arg>${COMMANDE_TYPE_FORFAITAIRE_OPTION}</arg>
<doc>Click the element identified by ``locator``.</doc>
<status status="PASS" start="2025-11-13T19:13:00.494783" elapsed="0.246737"/>
</kw>
<kw name="Wait Until Element Is Visible" owner="SeleniumLibrary">
<arg>${COMMANDE_SALE_START_DATE_PICKER}</arg>
<arg>timeout=10s</arg>
<doc>Waits until the element ``locator`` is visible.</doc>
<status status="PASS" start="2025-11-13T19:13:00.742338" elapsed="0.051107"/>
</kw>
<kw name="Catenate" owner="BuiltIn">
<msg time="2025-11-13T19:13:00.795442" level="INFO">${js1} = const datePicker = document.querySelector('[cy-data="sale-start-date"]').__vue__;
datePicker.$emit('update:model', '2025-11-01');</msg>
<var>${js1}</var>
<arg>SEPARATOR=\n</arg>
<arg>const datePicker = document.querySelector('[cy-data="sale-start-date"]').__vue__;</arg>
<arg>datePicker.$emit('update:model', '${COMMANDE_SALE_START_DATE_VALUE}');</arg>
<doc>Catenates the given items together and returns the resulted string.</doc>
<status status="PASS" start="2025-11-13T19:13:00.794451" elapsed="0.000991"/>
</kw>
<kw name="Execute Javascript" owner="SeleniumLibrary">
<msg time="2025-11-13T19:13:00.797497" level="INFO">Executing JavaScript:
const datePicker = document.querySelector('[cy-data="sale-start-date"]').__vue__;
datePicker.$emit('update:model', '2025-11-01');
Without any arguments.</msg>
<arg>${js1}</arg>
<doc>Executes the given JavaScript code with possible arguments.</doc>
<status status="PASS" start="2025-11-13T19:13:00.796710" elapsed="0.046242"/>
</kw>
<kw name="Sleep" owner="BuiltIn">
<msg time="2025-11-13T19:13:02.845342" level="INFO">Slept 2 seconds.</msg>
<arg>2s</arg>
<doc>Pauses the test executed for the given time.</doc>
<status status="PASS" start="2025-11-13T19:13:00.844289" elapsed="2.002037"/>
</kw>
<kw name="Catenate" owner="BuiltIn">
<msg time="2025-11-13T19:13:02.851337" level="INFO">${js3} = const datePicker = document.querySelector('[cy-data="sale-end-date"]').__vue__;
datePicker.$emit('update:model', '2025-12-30');</msg>
<var>${js3}</var>
<arg>SEPARATOR=\n</arg>
<arg>const datePicker = document.querySelector('[cy-data="sale-end-date"]').__vue__;</arg>
<arg>datePicker.$emit('update:model', '${COMMANDE_SALE_END_DATE_VALUE}');</arg>
<doc>Catenates the given items together and returns the resulted string.</doc>
<status status="PASS" start="2025-11-13T19:13:02.848328" elapsed="0.005065"/>
</kw>
<kw name="Execute Javascript" owner="SeleniumLibrary">
<msg time="2025-11-13T19:13:02.858326" level="INFO">Executing JavaScript:
const datePicker = document.querySelector('[cy-data="sale-end-date"]').__vue__;
datePicker.$emit('update:model', '2025-12-30');
Without any arguments.</msg>
<arg>${js3}</arg>
<doc>Executes the given JavaScript code with possible arguments.</doc>
<status status="PASS" start="2025-11-13T19:13:02.855335" elapsed="0.085588"/>
</kw>
<kw name="Sleep" owner="BuiltIn">
<msg time="2025-11-13T19:13:04.945726" level="INFO">Slept 2 seconds.</msg>
<arg>2s</arg>
<doc>Pauses the test executed for the given time.</doc>
<status status="PASS" start="2025-11-13T19:13:02.943391" elapsed="2.003322"/>
</kw>
<kw name="Catenate" owner="BuiltIn">
<msg time="2025-11-13T19:13:04.951721" level="INFO">${js_verify} = return document.querySelector('[cy-data="sale-start-date"] input').value;</msg>
<var>${js_verify}</var>
<arg>SEPARATOR=\n</arg>
<arg>return document.querySelector('[cy-data="sale-start-date"] input').value;</arg>
<doc>Catenates the given items together and returns the resulted string.</doc>
<status status="PASS" start="2025-11-13T19:13:04.948714" elapsed="0.003998"/>
</kw>
<kw name="Execute Javascript" owner="SeleniumLibrary">
<msg time="2025-11-13T19:13:04.956708" level="INFO">Executing JavaScript:
return document.querySelector('[cy-data="sale-start-date"] input').value;
Without any arguments.</msg>
<msg time="2025-11-13T19:13:04.984017" level="INFO">${value} = 2025-11-01</msg>
<var>${value}</var>
<arg>${js_verify}</arg>
<doc>Executes the given JavaScript code with possible arguments.</doc>
<status status="PASS" start="2025-11-13T19:13:04.953708" elapsed="0.031308"/>
</kw>
<kw name="Should Be Equal" owner="BuiltIn">
<arg>${value}</arg>
<arg>${COMMANDE_SALE_START_DATE_VALUE}</arg>
<doc>Fails if the given objects are unequal.</doc>
<status status="PASS" start="2025-11-13T19:13:04.987013" elapsed="0.002994"/>
</kw>
<kw name="Sleep" owner="BuiltIn">
<msg time="2025-11-13T19:13:06.995093" level="INFO">Slept 2 seconds.</msg>
<arg>2s</arg>
<doc>Pauses the test executed for the given time.</doc>
<status status="PASS" start="2025-11-13T19:13:04.992012" elapsed="2.004083"/>
</kw>
<kw name="Click Element" owner="SeleniumLibrary">
<msg time="2025-11-13T19:13:06.998095" level="INFO">Clicking element 'xpath=//input[@cy-data="client_autocomplete"]'.</msg>
<arg>${COMMANDE_CLIENT1C}</arg>
<doc>Click the element identified by ``locator``.</doc>
<status status="PASS" start="2025-11-13T19:13:06.997333" elapsed="0.222462"/>
</kw>
<kw name="Sleep" owner="BuiltIn">
<msg time="2025-11-13T19:13:09.221151" level="INFO">Slept 2 seconds.</msg>
<arg>2s</arg>
<doc>Pauses the test executed for the given time.</doc>
<status status="PASS" start="2025-11-13T19:13:07.219795" elapsed="2.002391"/>
</kw>
<kw name="Input Text" owner="SeleniumLibrary">
<msg time="2025-11-13T19:13:09.226191" level="INFO">Typing text 'LACOSTE' into text field 'xpath=//input[@cy-data="client_autocomplete"]'.</msg>
<arg>${COMMANDE_CLIENT1C}</arg>
<arg>${COMMANDE_CLIENT_OPTION_LACOSTE}</arg>
<doc>Types the given ``text`` into the text field identified by ``locator``.</doc>
<status status="PASS" start="2025-11-13T19:13:09.224463" elapsed="0.432450"/>
</kw>
<kw name="Sleep" owner="BuiltIn">
<msg time="2025-11-13T19:13:11.661547" level="INFO">Slept 2 seconds.</msg>
<arg>2s</arg>
<doc>Pauses the test executed for the given time.</doc>
<status status="PASS" start="2025-11-13T19:13:09.658911" elapsed="2.003617"/>
</kw>
<kw name="Press Keys" owner="SeleniumLibrary">
<msg time="2025-11-13T19:13:11.667535" level="INFO">Sending key(s) ('ARROW_DOWN',) to page.</msg>
<msg time="2025-11-13T19:13:11.669524" level="INFO">Pressing special key ARROW_DOWN to browser.</msg>
<msg time="2025-11-13T19:13:11.669524" level="INFO">Releasing special key ARROW_DOWN.</msg>
<arg>none</arg>
<arg>ARROW_DOWN</arg>
<doc>Simulates the user pressing key(s) to an element or on the active browser.</doc>
<status status="PASS" start="2025-11-13T19:13:11.664530" elapsed="0.051703"/>
</kw>
<kw name="Press Keys" owner="SeleniumLibrary">
<msg time="2025-11-13T19:13:11.722038" level="INFO">Sending key(s) ('ENTER',) to page.</msg>
<msg time="2025-11-13T19:13:11.724782" level="INFO">Pressing special key ENTER to browser.</msg>
<msg time="2025-11-13T19:13:11.726217" level="INFO">Releasing special key ENTER.</msg>
<arg>none</arg>
<arg>ENTER</arg>
<doc>Simulates the user pressing key(s) to an element or on the active browser.</doc>
<status status="PASS" start="2025-11-13T19:13:11.718225" elapsed="0.125570"/>
</kw>
<kw name="Press Keys" owner="SeleniumLibrary">
<msg time="2025-11-13T19:13:11.848806" level="INFO">Sending key(s) ('TAB',) to page.</msg>
<msg time="2025-11-13T19:13:11.849799" level="INFO">Pressing special key TAB to browser.</msg>
<msg time="2025-11-13T19:13:11.850795" level="INFO">Releasing special key TAB.</msg>
<arg>none</arg>
<arg>TAB</arg>
<doc>Simulates the user pressing key(s) to an element or on the active browser.</doc>
<status status="PASS" start="2025-11-13T19:13:11.845815" elapsed="0.164994"/>
</kw>
<kw name="Input Text" owner="SeleniumLibrary">
<msg time="2025-11-13T19:13:12.014999" level="INFO">Typing text 'ETF' into text field 'xpath=//div[@class='col col-6']//label[contains(text(), 'Titre')]/ancestor::div[@class='col col-6']//input'.</msg>
<arg>${COMMANDE_ITEM_TITLE_INPUT}</arg>
<arg>text=${Al_String}</arg>
<doc>Types the given ``text`` into the text field identified by ``locator``.</doc>
<status status="PASS" start="2025-11-13T19:13:12.012810" elapsed="0.458287"/>
</kw>
<kw name="Input Text" owner="SeleniumLibrary">
<msg time="2025-11-13T19:13:12.472098" level="INFO">Typing text '500' into text field 'xpath=//div[@class='col col-6']//label[contains(text(), 'Montant HT')]/ancestor::div[@class='col col-6']//input'.</msg>
<arg>${COMMANDE_ITEM_AMOUNT_INPUT}</arg>
<arg>text=${COMMANDE_ITEM_AMOUNT_VALUE}</arg>
<doc>Types the given ``text`` into the text field identified by ``locator``.</doc>
<status status="PASS" start="2025-11-13T19:13:12.471097" elapsed="0.360474"/>
</kw>
<kw name="Click Element" owner="SeleniumLibrary">
<msg time="2025-11-13T19:13:12.835559" level="INFO">Clicking element 'xpath=//input[@cy-data="item-tax-amount-field"]'.</msg>
<arg>${COMMANDE_TVA1C}</arg>
<doc>Click the element identified by ``locator``.</doc>
<status status="PASS" start="2025-11-13T19:13:12.833861" elapsed="0.406038"/>
</kw>
<kw name="Sleep" owner="BuiltIn">
<msg time="2025-11-13T19:13:15.245145" level="INFO">Slept 2 seconds.</msg>
<arg>2s</arg>
<doc>Pauses the test executed for the given time.</doc>
<status status="PASS" start="2025-11-13T19:13:13.242392" elapsed="2.003756"/>
</kw>
<kw name="Click Element" owner="SeleniumLibrary">
<msg time="2025-11-13T19:13:15.250121" level="INFO">Clicking element 'xpath=//button[@cy-data="save-client-sale-btn"]'.</msg>
<arg>${COMMANDE_ADDBUTTONC}</arg>
<doc>Click the element identified by ``locator``.</doc>
<status status="PASS" start="2025-11-13T19:13:15.248162" elapsed="0.419921"/>
</kw>
<kw name="Wait Until Page Contains" owner="SeleniumLibrary">
<arg>La commande a été créée avec succès</arg>
<arg>timeout=10s</arg>
<doc>Waits until ``text`` appears on the current page.</doc>
<status status="PASS" start="2025-11-13T19:13:15.670085" elapsed="0.981983"/>
</kw>
<return>
<value>${Commande_ANumber}</value>
<status status="PASS" start="2025-11-13T19:13:16.653067" elapsed="0.000000"/>
</return>
<msg time="2025-11-13T19:13:16.653067" level="INFO">${commande_number} = 676129</msg>
<var>${commande_number}</var>
<status status="PASS" start="2025-11-13T19:12:40.201827" elapsed="36.453245"/>
</kw>
<kw name="Set Global Variable" owner="BuiltIn">
<msg time="2025-11-13T19:13:16.676152" level="INFO">${GLOBAL_COMMANDE_NUMBER} = 676129</msg>
<arg>${GLOBAL_COMMANDE_NUMBER}</arg>
<arg>${commande_number}</arg>
<doc>Makes a variable available globally in all tests and suites.</doc>
<status status="PASS" start="2025-11-13T19:13:16.659089" elapsed="0.018088"/>
</kw>
<status status="PASS" start="2025-11-13T19:12:40.199531" elapsed="36.479045"/>
</test>
<test id="s1-t2" name="SEARCH FOR THE CREATED COMMANDE CLIENT" line="14">
<kw name="Get Variable Value" owner="BuiltIn">
<msg time="2025-11-13T19:13:16.685305" level="INFO">${commande_number} = 676129</msg>
<var>${commande_number}</var>
<arg>${GLOBAL_COMMANDE_NUMBER}</arg>
<doc>Returns variable value or ``default`` if the variable does not exist.</doc>
<status status="PASS" start="2025-11-13T19:13:16.684176" elapsed="0.001999"/>
</kw>
<kw name="SEARCH FOR A COMMANDE CLIENT" owner="commandesClientHelpers">
<kw name="Wait Until Page Contains" owner="SeleniumLibrary">
<arg>Nouvelle commande</arg>
<doc>Waits until ``text`` appears on the current page.</doc>
<status status="PASS" start="2025-11-13T19:13:16.689451" elapsed="0.215993"/>
</kw>
<kw name="Wait Until Element Is Visible" owner="SeleniumLibrary">
<arg>${COMMANDE_CLIENT_SEARCH_BAR}</arg>
<arg>timeout=15s</arg>
<doc>Waits until the element ``locator`` is visible.</doc>
<status status="PASS" start="2025-11-13T19:13:16.906445" elapsed="0.102821"/>
</kw>
<kw name="Get Dynamic Commande Client Card Title Locator" owner="commandesClientHelpers">
<kw name="Set Variable" owner="BuiltIn">
<msg time="2025-11-13T19:13:17.013288" level="INFO">${locator} = xpath=//span[contains(text(),"LACOSTE")]</msg>
<var>${locator}</var>
<arg>xpath=//span[contains(text(),"${COMMANDE_CLIENT_OPTION_LACOSTE}")]</arg>
<doc>Returns the given values which can then be assigned to a variables.</doc>
<status status="PASS" start="2025-11-13T19:13:17.012284" elapsed="0.001979"/>
</kw>
<return>
<value>${locator}</value>
<status status="PASS" start="2025-11-13T19:13:17.015266" elapsed="0.000000"/>
</return>
<msg time="2025-11-13T19:13:17.016264" level="INFO">${dynamic_locator} = xpath=//span[contains(text(),"LACOSTE")]</msg>
<var>${dynamic_locator}</var>
<arg>${searched_commande}</arg>
<status status="PASS" start="2025-11-13T19:13:17.010271" elapsed="0.005993"/>
</kw>
<kw name="Input Text" owner="SeleniumLibrary">
<msg time="2025-11-13T19:13:17.018262" level="INFO">Typing text '676129' into text field 'xpath=//main[1]/div[1]/div[1]/div[1]/div[1]/div[1]/div[1]/div[1]/div[1]/div[2]/input[1]'.</msg>
<arg>${COMMANDE_CLIENT_SEARCH_BAR}</arg>
<arg>${searched_commande}</arg>
<doc>Types the given ``text`` into the text field identified by ``locator``.</doc>
<status status="PASS" start="2025-11-13T19:13:17.017264" elapsed="0.334282"/>
</kw>
<kw name="Sleep" owner="BuiltIn">
<msg time="2025-11-13T19:13:19.353937" level="INFO">Slept 2 seconds.</msg>
<arg>2s</arg>
<doc>Pauses the test executed for the given time.</doc>
<status status="PASS" start="2025-11-13T19:13:17.353521" elapsed="2.001461"/>
</kw>
<kw name="Wait Until Element Is Visible" owner="SeleniumLibrary">
<arg>${dynamic_locator}</arg>
<arg>timeout=15s</arg>
<doc>Waits until the element ``locator`` is visible.</doc>
<status status="PASS" start="2025-11-13T19:13:19.355983" elapsed="0.084999"/>
</kw>
<kw name="Log" owner="BuiltIn">
<msg time="2025-11-13T19:13:19.443984" level="INFO">my commande number: 676129</msg>
<arg>my commande number: ${searched_commande}</arg>
<doc>Logs the given message with the given level.</doc>
<status status="PASS" start="2025-11-13T19:13:19.443000" elapsed="0.002983"/>
</kw>
<arg>${commande_number}</arg>
<status status="PASS" start="2025-11-13T19:13:16.687179" elapsed="2.759809"/>
</kw>
<kw name="Sleep" owner="BuiltIn">
<msg time="2025-11-13T19:13:21.452689" level="INFO">Slept 2 seconds.</msg>
<arg>2s</arg>
<doc>Pauses the test executed for the given time.</doc>
<status status="PASS" start="2025-11-13T19:13:19.449991" elapsed="2.003786"/>
</kw>
<status status="PASS" start="2025-11-13T19:13:16.683095" elapsed="4.773627"/>
</test>
<test id="s1-t3" name="VERIFY THE FILTERS IN COMMANDE CLIENT PAGE" line="19">
<kw name="Get Variable Value" owner="BuiltIn">
<msg time="2025-11-13T19:13:21.470800" level="INFO">${commande_number} = 676129</msg>
<var>${commande_number}</var>
<arg>${GLOBAL_COMMANDE_NUMBER}</arg>
<doc>Returns variable value or ``default`` if the variable does not exist.</doc>
<status status="PASS" start="2025-11-13T19:13:21.468762" elapsed="0.002038"/>
</kw>
<kw name="APPLY FILTERS IN COMMANDE CLIENT PAGE" owner="commandesClientHelpers">
<kw name="Wait Until Page Contains" owner="SeleniumLibrary">
<arg>Nouvelle commande</arg>
<doc>Waits until ``text`` appears on the current page.</doc>
<status status="PASS" start="2025-11-13T19:13:21.478717" elapsed="0.051729"/>
</kw>
<kw name="Wait Until Element Is Visible" owner="SeleniumLibrary">
<arg>${COMMANDE_CLIENT_START_DATE_FILTER}</arg>
<arg>timeout=15s</arg>
<doc>Waits until the element ``locator`` is visible.</doc>
<status status="PASS" start="2025-11-13T19:13:21.532435" elapsed="0.087120"/>
</kw>
<kw name="SELECT FILTER FROM A LIST" owner="GlobalHelpers">
<kw name="Click Element" owner="SeleniumLibrary">
<msg time="2025-11-13T19:13:21.626262" level="INFO">Clicking element 'xpath=//main[1]/div[1]/div[1]/div[1]/div[1]/div[2]/div[1]/div[1]/div[1]/div[1]/div[1]/input[1]'.</msg>
<arg>${FILTER_FILED}</arg>
<doc>Click the element identified by ``locator``.</doc>
<status status="PASS" start="2025-11-13T19:13:21.624866" elapsed="0.363759"/>
</kw>
<kw name="Wait Until Element Is Visible" owner="SeleniumLibrary">
<arg>${SELECTED_FILTER}</arg>
<arg>timeout=10s</arg>
<doc>Waits until the element ``locator`` is visible.</doc>
<status status="PASS" start="2025-11-13T19:13:21.989214" elapsed="0.049769"/>
</kw>
<kw name="Sleep" owner="BuiltIn">
<msg time="2025-11-13T19:13:23.041345" level="INFO">Slept 1 second.</msg>
<arg>1s</arg>
<doc>Pauses the test executed for the given time.</doc>
<status status="PASS" start="2025-11-13T19:13:22.040020" elapsed="1.002383"/>
</kw>
<kw name="Click Element" owner="SeleniumLibrary">
<msg time="2025-11-13T19:13:23.045401" level="INFO">Clicking element 'xpath=(//table[1]/tbody[1]/tr[2]/td[2]/button[1])[1]'.</msg>
<arg>${SELECTED_FILTER}</arg>
<doc>Click the element identified by ``locator``.</doc>
<status status="PASS" start="2025-11-13T19:13:23.043401" elapsed="0.313335"/>
</kw>
<arg>${COMMANDE_CLIENT_START_DATE_FILTER}</arg>
<arg>${COMMANDE_CLIENT_START_DATE_FILTER_VALUE}</arg>
<status status="PASS" start="2025-11-13T19:13:21.621556" elapsed="1.736181"/>
</kw>
<kw name="Sleep" owner="BuiltIn">
<msg time="2025-11-13T19:13:25.360196" level="INFO">Slept 2 seconds.</msg>
<arg>2s</arg>
<doc>Pauses the test executed for the given time.</doc>
<status status="PASS" start="2025-11-13T19:13:23.358725" elapsed="2.002339"/>
</kw>
<kw name="SELECT FILTER FROM A LIST" owner="GlobalHelpers">
<kw name="Click Element" owner="SeleniumLibrary">
<msg time="2025-11-13T19:13:25.366054" level="INFO">Clicking element 'xpath=//main[1]/div[1]/div[1]/div[1]/div[1]/div[3]/div[1]/div[1]/div[1]/div[1]/div[1]/input[1]'.</msg>
<arg>${FILTER_FILED}</arg>
<doc>Click the element identified by ``locator``.</doc>
<status status="PASS" start="2025-11-13T19:13:25.365055" elapsed="0.351867"/>
</kw>
<kw name="Wait Until Element Is Visible" owner="SeleniumLibrary">
<arg>${SELECTED_FILTER}</arg>
<arg>timeout=10s</arg>
<doc>Waits until the element ``locator`` is visible.</doc>
<status status="PASS" start="2025-11-13T19:13:25.716922" elapsed="0.043999"/>
</kw>
<kw name="Sleep" owner="BuiltIn">
<msg time="2025-11-13T19:13:26.763490" level="INFO">Slept 1 second.</msg>
<arg>1s</arg>
<doc>Pauses the test executed for the given time.</doc>
<status status="PASS" start="2025-11-13T19:13:25.761929" elapsed="1.002622"/>
</kw>
<kw name="Click Element" owner="SeleniumLibrary">
<msg time="2025-11-13T19:13:26.767546" level="INFO">Clicking element 'xpath=(//table[1]/tbody[1]/tr[2]/td[2]/button[1])[2]'.</msg>
<arg>${SELECTED_FILTER}</arg>
<doc>Click the element identified by ``locator``.</doc>
<status status="PASS" start="2025-11-13T19:13:26.765546" elapsed="0.308741"/>
</kw>
<arg>${COMMANDE_CLIENT_END_DATE_FILTER}</arg>
<arg>${COMMANDE_CLIENT_END_DATE_FILTER_VALUE}</arg>
<status status="PASS" start="2025-11-13T19:13:25.362055" elapsed="1.713429"/>
</kw>
<arg>${commande_number}</arg>
<status status="PASS" start="2025-11-13T19:13:21.475746" elapsed="5.600787"/>
</kw>
<kw name="Sleep" owner="BuiltIn">
<msg time="2025-11-13T19:13:29.081086" level="INFO">Slept 2 seconds.</msg>
<arg>2s</arg>
<doc>Pauses the test executed for the given time.</doc>
<status status="PASS" start="2025-11-13T19:13:27.079530" elapsed="2.002608"/>
</kw>
<status status="PASS" start="2025-11-13T19:13:21.464733" elapsed="7.619392"/>
</test>
<kw name="Close Browser" owner="SeleniumLibrary" type="TEARDOWN">
<doc>Closes the current browser.</doc>
<status status="PASS" start="2025-11-13T19:13:29.093119" elapsed="2.383988"/>
</kw>
<status status="PASS" start="2025-11-13T19:12:38.271474" elapsed="53.206577"/>
</suite>
<statistics>
<total>
<stat pass="3" fail="0" skip="0">All Tests</stat>
</total>
<tag>
</tag>
<suite>
<stat pass="3" fail="0" skip="0" id="s1" name="Commandes-Client">Commandes-Client</stat>
</suite>
</statistics>
<errors>
</errors>
</robot>
