<?xml version="1.0" encoding="UTF-8"?>
<robot generator="Robot 7.2.2 (Python 3.13.2 on win32)" generated="2025-07-31T14:33:07.471738" rpa="false" schemaversion="5">
<suite id="s1" name="Timesheets Report" source="C:\Users\KhalilBENHADHSALAH\Downloads\Test 1\leanwe-test-auto\LeanweTest\tests-suits\Timesheets_Report.robot">
<test id="s1-t1" name="FILL IN A TIMESHEET" line="11">
<kw name="LOG IN AS COLLABORATOR" owner="helpers">
<kw name="Open Browser" owner="SeleniumLibrary">
<msg time="2025-07-31T14:33:08.271543" level="INFO">Opening browser 'chrome' to base url 'https://staging.leanwe.com'.</msg>
<msg time="2025-07-31T14:33:08.706049" level="WARN">The chromedriver version (134.0.6998.88) detected in PATH at C:\webdrivers\chromedriver.exe might not be compatible with the detected chrome version (135.0.7049.85); currently, chromedriver 135.0.7049.114 is recommended for chrome 135.*, so it is advised to delete the driver in PATH and retry</msg>
<arg>${URL}</arg>
<arg>${BROWSER_NAME}</arg>
<doc>Opens a new browser instance to the optional ``url``.</doc>
<status status="PASS" start="2025-07-31T14:33:08.271059" elapsed="2.894748"/>
</kw>
<kw name="Maximize Browser Window" owner="SeleniumLibrary">
<doc>Maximizes current browser window.</doc>
<status status="PASS" start="2025-07-31T14:33:11.166218" elapsed="0.161795"/>
</kw>
<kw name="Wait Until Element Is Visible" owner="SeleniumLibrary">
<arg>${LOGIN_PAGE_FORM_USERNAME_INPUT}</arg>
<doc>Waits until the element ``locator`` is visible.</doc>
<status status="PASS" start="2025-07-31T14:33:11.328431" elapsed="0.727757"/>
</kw>
<kw name="Wait Until Element Is Visible" owner="SeleniumLibrary">
<arg>${LOGIN_PAGE_FORM_PASSWORD_INPUT}</arg>
<doc>Waits until the element ``locator`` is visible.</doc>
<status status="PASS" start="2025-07-31T14:33:12.056666" elapsed="0.043425"/>
</kw>
<kw name="Input Text" owner="SeleniumLibrary">
<msg time="2025-07-31T14:33:12.100666" level="INFO">Typing text 'salim.jaabiri@yopmail.com' into text field 'xpath=//input[@name="email"]'.</msg>
<arg>${LOGIN_PAGE_FORM_USERNAME_INPUT}</arg>
<arg>${USERNAME}</arg>
<doc>Types the given ``text`` into the text field identified by ``locator``.</doc>
<status status="PASS" start="2025-07-31T14:33:12.100343" elapsed="0.711646"/>
</kw>
<kw name="Input Text" owner="SeleniumLibrary">
<msg time="2025-07-31T14:33:12.816039" level="INFO">Typing text 'secret2023' into text field 'xpath=//input[@name="password"]'.</msg>
<arg>${LOGIN_PAGE_FORM_PASSWORD_INPUT}</arg>
<arg>${PASSWORD}</arg>
<doc>Types the given ``text`` into the text field identified by ``locator``.</doc>
<status status="PASS" start="2025-07-31T14:33:12.813469" elapsed="0.577097"/>
</kw>
<kw name="Click Element" owner="SeleniumLibrary">
<msg time="2025-07-31T14:33:13.392075" level="INFO">Clicking element 'xpath://span[contains(text(),'Se connecter')]'.</msg>
<arg>${LOGIN_BUTTON}</arg>
<doc>Click the element identified by ``locator``.</doc>
<status status="PASS" start="2025-07-31T14:33:13.391256" elapsed="0.325731"/>
</kw>
<arg>${Leanwe_URL}</arg>
<arg>${BROWSER}</arg>
<arg>${LOGIN_EMAIL}</arg>
<arg>${Password}</arg>
<status status="PASS" start="2025-07-31T14:33:08.269246" elapsed="5.448622"/>
</kw>
<kw name="NAVIGATE TO TIMESHEET PAGE">
<kw name="Wait Until Page Contains" owner="SeleniumLibrary">
<arg>Tableau de Bord</arg>
<doc>Waits until ``text`` appears on the current page.</doc>
<status status="PASS" start="2025-07-31T14:33:13.719909" elapsed="2.122394"/>
</kw>
<kw name="Get WebElement" owner="SeleniumLibrary">
<msg time="2025-07-31T14:33:15.889172" level="INFO">${sidebar_element} = &lt;selenium.webdriver.remote.webelement.WebElement (session="5142db29faa484941d04bc80a6e5d68c", element="f.481F9512202DCA58DEE3AC037F38C227.d.574AE4055FE755F0DE2E35708AAFB6AF.e.81")&gt;</msg>
<var>${sidebar_element}</var>
<arg>${sidebar_Xpath}</arg>
<doc>Returns the first WebElement matching the given ``locator``.</doc>
<status status="PASS" start="2025-07-31T14:33:15.842835" elapsed="0.046444"/>
</kw>
<kw name="Mouse Over" owner="SeleniumLibrary">
<msg time="2025-07-31T14:33:15.890391" level="INFO">Simulating Mouse Over on element '&lt;selenium.webdriver.remote.webelement.WebElement (session="5142db29faa484941d04bc80a6e5d68c", element="f.481F9512202DCA58DEE3AC037F38C227.d.574AE4055FE755F0DE2E35708AAFB6AF.e.81")&gt;'.</msg>
<arg>${sidebar_element}</arg>
<doc>Simulates hovering the mouse over the element ``locator``.</doc>
<status status="PASS" start="2025-07-31T14:33:15.889726" elapsed="0.375828"/>
</kw>
<kw name="Wait Until Page Contains Element" owner="SeleniumLibrary">
<arg>${CRA_SIDEBAR_ITEM}</arg>
<arg>timeout=2s</arg>
<doc>Waits until the element ``locator`` appears on the current page.</doc>
<status status="PASS" start="2025-07-31T14:33:16.266370" elapsed="0.036588"/>
</kw>
<kw name="Click Element" owner="SeleniumLibrary">
<msg time="2025-07-31T14:33:16.304168" level="INFO">Clicking element 'xpath=//div[contains(text(),'CRA et Frais')]'.</msg>
<arg>${CRA_SIDEBAR_ITEM}</arg>
<doc>Click the element identified by ``locator``.</doc>
<status status="PASS" start="2025-07-31T14:33:16.303556" elapsed="0.378519"/>
</kw>
<kw name="Wait Until Element Is Visible" owner="SeleniumLibrary">
<arg>${TIMESHEET_SIDEBAR_ITEM}</arg>
<doc>Waits until the element ``locator`` is visible.</doc>
<status status="PASS" start="2025-07-31T14:33:16.682856" elapsed="0.083475"/>
</kw>
<kw name="Click Element" owner="SeleniumLibrary">
<msg time="2025-07-31T14:33:16.768559" level="INFO">Clicking element 'xpath=//div[contains(text(),'Mes temps')]'.</msg>
<arg>${TIMESHEET_SIDEBAR_ITEM}</arg>
<doc>Click the element identified by ``locator``.</doc>
<status status="PASS" start="2025-07-31T14:33:16.767257" elapsed="0.455090"/>
</kw>
<kw name="Mouse Out" owner="SeleniumLibrary">
<msg time="2025-07-31T14:33:17.226256" level="INFO">Simulating Mouse Out on element '&lt;selenium.webdriver.remote.webelement.WebElement (session="5142db29faa484941d04bc80a6e5d68c", element="f.481F9512202DCA58DEE3AC037F38C227.d.574AE4055FE755F0DE2E35708AAFB6AF.e.81")&gt;'.</msg>
<arg>${sidebar_element}</arg>
<doc>Simulates moving the mouse away from the element ``locator``.</doc>
<status status="PASS" start="2025-07-31T14:33:17.224915" elapsed="0.796659"/>
</kw>
<status status="PASS" start="2025-07-31T14:33:13.718994" elapsed="4.302983"/>
</kw>
<kw name="Wait Until Element Is Visible" owner="SeleniumLibrary">
<msg time="2025-07-31T14:33:23.532118" level="INFO" html="true">&lt;/td&gt;&lt;/tr&gt;&lt;tr&gt;&lt;td colspan="3"&gt;&lt;a href="selenium-screenshot-307.png"&gt;&lt;img src="selenium-screenshot-307.png" width="800px"&gt;&lt;/a&gt;</msg>
<msg time="2025-07-31T14:33:23.532616" level="FAIL">Element 'xpath=//button/span/span[contains(text(), 'nouvelle feuille de temps')]' not visible after 5 seconds.</msg>
<arg>${NEW_TIMESHEET_BTN}</arg>
<doc>Waits until the element ``locator`` is visible.</doc>
<status status="FAIL" start="2025-07-31T14:33:18.022946" elapsed="5.556822">Element 'xpath=//button/span/span[contains(text(), 'nouvelle feuille de temps')]' not visible after 5 seconds.</status>
</kw>
<kw name="SELECT THE TIMESHEET MONTH">
<status status="NOT RUN" start="2025-07-31T14:33:23.600938" elapsed="0.005328"/>
</kw>
<kw name="ACCESS TIMESHEETS PAGE AND ADD NEW LINE">
<status status="NOT RUN" start="2025-07-31T14:33:23.682241" elapsed="0.000162"/>
</kw>
<kw name="FILL OUT THE TIMESHEET FORM">
<status status="NOT RUN" start="2025-07-31T14:33:23.721424" elapsed="0.000178"/>
</kw>
<status status="FAIL" start="2025-07-31T14:33:08.268160" elapsed="15.496070">Element 'xpath=//button/span/span[contains(text(), 'nouvelle feuille de temps')]' not visible after 5 seconds.</status>
</test>
<status status="FAIL" start="2025-07-31T14:33:07.474435" elapsed="16.542212"/>
</suite>
<statistics>
<total>
<stat pass="0" fail="1" skip="0">All Tests</stat>
</total>
<tag>
</tag>
<suite>
<stat name="Timesheets Report" id="s1" pass="0" fail="1" skip="0">Timesheets Report</stat>
</suite>
</statistics>
<errors>
<msg time="2025-07-31T14:33:08.706049" level="WARN">The chromedriver version (134.0.6998.88) detected in PATH at C:\webdrivers\chromedriver.exe might not be compatible with the detected chrome version (135.0.7049.85); currently, chromedriver 135.0.7049.114 is recommended for chrome 135.*, so it is advised to delete the driver in PATH and retry</msg>
</errors>
</robot>
